2024-12-02 21:55:03,436 - ERROR - File: G:\My Drive\Acer Spin Laptop Backup\Documents\Test\Test Document 1.pdf
Page: N/A
Category: Unknown Error
Severity: ERROR
Message: 'DocumentAnalyzerGUI' object has no attribute 'content_analyzer'
Details: Traceback (most recent call last):
  File "C:\PycharmProjects\document_analyzer\pdf_analyzer_gui.py", line 1312, in process_pdf
    result = future.result()
             ^^^^^^^^^^^^^^^
  File "C:\Program Files\Python\Python312\Lib\concurrent\futures\_base.py", line 449, in result
    return self.__get_result()
           ^^^^^^^^^^^^^^^^^^^
  File "C:\Program Files\Python\Python312\Lib\concurrent\futures\_base.py", line 401, in __get_result
    raise self._exception
  File "C:\Program Files\Python\Python312\Lib\concurrent\futures\thread.py", line 58, in run
    result = self.fn(*self.args, **self.kwargs)
             ^^^^^^^^^^^^^^^^^^^^^^^^^^^^^^^^^^
  File "C:\PycharmProjects\document_analyzer\pdf_analyzer_gui.py", line 1591, in analyze_pdf_page
    text_analysis = self.content_analyzer.analyze_text_blocks(page)
                    ^^^^^^^^^^^^^^^^^^^^^
AttributeError: 'DocumentAnalyzerGUI' object has no attribute 'content_analyzer'

Timestamp: 2024-12-02T21:54:48.962747
--------------------------------------------------------------------------------
2024-12-02 21:55:03,439 - ERROR - File: G:\My Drive\Acer Spin Laptop Backup\Documents\Test\Test Document 2.pdf
Page: N/A
Category: Unknown Error
Severity: ERROR
Message: 'DocumentAnalyzerGUI' object has no attribute 'content_analyzer'
Details: Traceback (most recent call last):
  File "C:\PycharmProjects\document_analyzer\pdf_analyzer_gui.py", line 1312, in process_pdf
    result = future.result()
             ^^^^^^^^^^^^^^^
  File "C:\Program Files\Python\Python312\Lib\concurrent\futures\_base.py", line 449, in result
    return self.__get_result()
           ^^^^^^^^^^^^^^^^^^^
  File "C:\Program Files\Python\Python312\Lib\concurrent\futures\_base.py", line 401, in __get_result
    raise self._exception
  File "C:\Program Files\Python\Python312\Lib\concurrent\futures\thread.py", line 58, in run
    result = self.fn(*self.args, **self.kwargs)
             ^^^^^^^^^^^^^^^^^^^^^^^^^^^^^^^^^^
  File "C:\PycharmProjects\document_analyzer\pdf_analyzer_gui.py", line 1591, in analyze_pdf_page
    text_analysis = self.content_analyzer.analyze_text_blocks(page)
                    ^^^^^^^^^^^^^^^^^^^^^
AttributeError: 'DocumentAnalyzerGUI' object has no attribute 'content_analyzer'

Timestamp: 2024-12-02T21:54:48.962747
--------------------------------------------------------------------------------
2024-12-02 21:55:03,447 - ERROR - File: G:\My Drive\Acer Spin Laptop Backup\Documents\Test\Test Document 4.pdf
Page: N/A
Category: Unknown Error
Severity: ERROR
Message: 'DocumentAnalyzerGUI' object has no attribute 'content_analyzer'
Details: Traceback (most recent call last):
  File "C:\PycharmProjects\document_analyzer\pdf_analyzer_gui.py", line 1312, in process_pdf
    result = future.result()
             ^^^^^^^^^^^^^^^
  File "C:\Program Files\Python\Python312\Lib\concurrent\futures\_base.py", line 449, in result
    return self.__get_result()
           ^^^^^^^^^^^^^^^^^^^
  File "C:\Program Files\Python\Python312\Lib\concurrent\futures\_base.py", line 401, in __get_result
    raise self._exception
  File "C:\Program Files\Python\Python312\Lib\concurrent\futures\thread.py", line 58, in run
    result = self.fn(*self.args, **self.kwargs)
             ^^^^^^^^^^^^^^^^^^^^^^^^^^^^^^^^^^
  File "C:\PycharmProjects\document_analyzer\pdf_analyzer_gui.py", line 1591, in analyze_pdf_page
    text_analysis = self.content_analyzer.analyze_text_blocks(page)
                    ^^^^^^^^^^^^^^^^^^^^^
AttributeError: 'DocumentAnalyzerGUI' object has no attribute 'content_analyzer'

Timestamp: 2024-12-02T21:54:48.962747
--------------------------------------------------------------------------------
2024-12-02 21:55:03,467 - ERROR - File: G:\My Drive\Acer Spin Laptop Backup\Documents\Test\Test Document 7.pdf
Page: N/A
Category: Unknown Error
Severity: ERROR
Message: 'DocumentAnalyzerGUI' object has no attribute 'content_analyzer'
Details: Traceback (most recent call last):
  File "C:\PycharmProjects\document_analyzer\pdf_analyzer_gui.py", line 1312, in process_pdf
    result = future.result()
             ^^^^^^^^^^^^^^^
  File "C:\Program Files\Python\Python312\Lib\concurrent\futures\_base.py", line 449, in result
    return self.__get_result()
           ^^^^^^^^^^^^^^^^^^^
  File "C:\Program Files\Python\Python312\Lib\concurrent\futures\_base.py", line 401, in __get_result
    raise self._exception
  File "C:\Program Files\Python\Python312\Lib\concurrent\futures\thread.py", line 58, in run
    result = self.fn(*self.args, **self.kwargs)
             ^^^^^^^^^^^^^^^^^^^^^^^^^^^^^^^^^^
  File "C:\PycharmProjects\document_analyzer\pdf_analyzer_gui.py", line 1591, in analyze_pdf_page
    text_analysis = self.content_analyzer.analyze_text_blocks(page)
                    ^^^^^^^^^^^^^^^^^^^^^
AttributeError: 'DocumentAnalyzerGUI' object has no attribute 'content_analyzer'

Timestamp: 2024-12-02T21:54:48.962747
--------------------------------------------------------------------------------
2024-12-02 21:55:03,474 - ERROR - File: G:\My Drive\Acer Spin Laptop Backup\Documents\Test\Test Document 3.pdf
Page: N/A
Category: Unknown Error
Severity: ERROR
Message: 'DocumentAnalyzerGUI' object has no attribute 'content_analyzer'
Details: Traceback (most recent call last):
  File "C:\PycharmProjects\document_analyzer\pdf_analyzer_gui.py", line 1312, in process_pdf
    result = future.result()
             ^^^^^^^^^^^^^^^
  File "C:\Program Files\Python\Python312\Lib\concurrent\futures\_base.py", line 449, in result
    return self.__get_result()
           ^^^^^^^^^^^^^^^^^^^
  File "C:\Program Files\Python\Python312\Lib\concurrent\futures\_base.py", line 401, in __get_result
    raise self._exception
  File "C:\Program Files\Python\Python312\Lib\concurrent\futures\thread.py", line 58, in run
    result = self.fn(*self.args, **self.kwargs)
             ^^^^^^^^^^^^^^^^^^^^^^^^^^^^^^^^^^
  File "C:\PycharmProjects\document_analyzer\pdf_analyzer_gui.py", line 1591, in analyze_pdf_page
    text_analysis = self.content_analyzer.analyze_text_blocks(page)
                    ^^^^^^^^^^^^^^^^^^^^^
AttributeError: 'DocumentAnalyzerGUI' object has no attribute 'content_analyzer'

Timestamp: 2024-12-02T21:54:48.962747
--------------------------------------------------------------------------------
2024-12-02 21:55:03,477 - ERROR - File: G:\My Drive\Acer Spin Laptop Backup\Documents\Test\Test Document 8.pdf
Page: N/A
Category: Unknown Error
Severity: ERROR
Message: 'DocumentAnalyzerGUI' object has no attribute 'content_analyzer'
Details: Traceback (most recent call last):
  File "C:\PycharmProjects\document_analyzer\pdf_analyzer_gui.py", line 1312, in process_pdf
    result = future.result()
             ^^^^^^^^^^^^^^^
  File "C:\Program Files\Python\Python312\Lib\concurrent\futures\_base.py", line 449, in result
    return self.__get_result()
           ^^^^^^^^^^^^^^^^^^^
  File "C:\Program Files\Python\Python312\Lib\concurrent\futures\_base.py", line 401, in __get_result
    raise self._exception
  File "C:\Program Files\Python\Python312\Lib\concurrent\futures\thread.py", line 58, in run
    result = self.fn(*self.args, **self.kwargs)
             ^^^^^^^^^^^^^^^^^^^^^^^^^^^^^^^^^^
  File "C:\PycharmProjects\document_analyzer\pdf_analyzer_gui.py", line 1591, in analyze_pdf_page
    text_analysis = self.content_analyzer.analyze_text_blocks(page)
                    ^^^^^^^^^^^^^^^^^^^^^
AttributeError: 'DocumentAnalyzerGUI' object has no attribute 'content_analyzer'

Timestamp: 2024-12-02T21:54:48.962747
--------------------------------------------------------------------------------
2024-12-02 21:55:03,484 - ERROR - File: G:\My Drive\Acer Spin Laptop Backup\Documents\Test\Test Document 6.pdf
Page: N/A
Category: Unknown Error
Severity: ERROR
Message: 'DocumentAnalyzerGUI' object has no attribute 'content_analyzer'
Details: Traceback (most recent call last):
  File "C:\PycharmProjects\document_analyzer\pdf_analyzer_gui.py", line 1312, in process_pdf
    result = future.result()
             ^^^^^^^^^^^^^^^
  File "C:\Program Files\Python\Python312\Lib\concurrent\futures\_base.py", line 449, in result
    return self.__get_result()
           ^^^^^^^^^^^^^^^^^^^
  File "C:\Program Files\Python\Python312\Lib\concurrent\futures\_base.py", line 401, in __get_result
    raise self._exception
  File "C:\Program Files\Python\Python312\Lib\concurrent\futures\thread.py", line 58, in run
    result = self.fn(*self.args, **self.kwargs)
             ^^^^^^^^^^^^^^^^^^^^^^^^^^^^^^^^^^
  File "C:\PycharmProjects\document_analyzer\pdf_analyzer_gui.py", line 1591, in analyze_pdf_page
    text_analysis = self.content_analyzer.analyze_text_blocks(page)
                    ^^^^^^^^^^^^^^^^^^^^^
AttributeError: 'DocumentAnalyzerGUI' object has no attribute 'content_analyzer'

Timestamp: 2024-12-02T21:54:48.962747
--------------------------------------------------------------------------------
2024-12-02 21:55:03,499 - ERROR - File: G:\My Drive\Acer Spin Laptop Backup\Documents\Test\Test Document 5.pdf
Page: N/A
Category: Unknown Error
Severity: ERROR
Message: 'DocumentAnalyzerGUI' object has no attribute 'content_analyzer'
Details: Traceback (most recent call last):
  File "C:\PycharmProjects\document_analyzer\pdf_analyzer_gui.py", line 1312, in process_pdf
    result = future.result()
             ^^^^^^^^^^^^^^^
  File "C:\Program Files\Python\Python312\Lib\concurrent\futures\_base.py", line 449, in result
    return self.__get_result()
           ^^^^^^^^^^^^^^^^^^^
  File "C:\Program Files\Python\Python312\Lib\concurrent\futures\_base.py", line 401, in __get_result
    raise self._exception
  File "C:\Program Files\Python\Python312\Lib\concurrent\futures\thread.py", line 58, in run
    result = self.fn(*self.args, **self.kwargs)
             ^^^^^^^^^^^^^^^^^^^^^^^^^^^^^^^^^^
  File "C:\PycharmProjects\document_analyzer\pdf_analyzer_gui.py", line 1591, in analyze_pdf_page
    text_analysis = self.content_analyzer.analyze_text_blocks(page)
                    ^^^^^^^^^^^^^^^^^^^^^
AttributeError: 'DocumentAnalyzerGUI' object has no attribute 'content_analyzer'

Timestamp: 2024-12-02T21:54:48.962747
--------------------------------------------------------------------------------
2024-12-02 21:55:04,085 - ERROR - File: G:\My Drive\Acer Spin Laptop Backup\Documents\Test\Test Document 8.pdf
Page: N/A
Category: Unknown Error
Severity: ERROR
Message: 'DocumentAnalyzerGUI' object has no attribute 'content_analyzer'
Details: Traceback (most recent call last):
  File "C:\PycharmProjects\document_analyzer\pdf_analyzer_gui.py", line 1312, in process_pdf
    result = future.result()
             ^^^^^^^^^^^^^^^
  File "C:\Program Files\Python\Python312\Lib\concurrent\futures\_base.py", line 449, in result
    return self.__get_result()
           ^^^^^^^^^^^^^^^^^^^
  File "C:\Program Files\Python\Python312\Lib\concurrent\futures\_base.py", line 401, in __get_result
    raise self._exception
  File "C:\Program Files\Python\Python312\Lib\concurrent\futures\thread.py", line 58, in run
    result = self.fn(*self.args, **self.kwargs)
             ^^^^^^^^^^^^^^^^^^^^^^^^^^^^^^^^^^
  File "C:\PycharmProjects\document_analyzer\pdf_analyzer_gui.py", line 1591, in analyze_pdf_page
    text_analysis = self.content_analyzer.analyze_text_blocks(page)
                    ^^^^^^^^^^^^^^^^^^^^^
AttributeError: 'DocumentAnalyzerGUI' object has no attribute 'content_analyzer'

Timestamp: 2024-12-02T21:54:48.962747
--------------------------------------------------------------------------------
2024-12-02 21:55:04,177 - ERROR - File: G:\My Drive\Acer Spin Laptop Backup\Documents\Test\subfolder 2\Long Folder Name 1\Long Folder Name 2\Long Folder Name 3\Test Document 7.pdf
Page: N/A
Category: Unknown Error
Severity: ERROR
Message: 'DocumentAnalyzerGUI' object has no attribute 'content_analyzer'
Details: Traceback (most recent call last):
  File "C:\PycharmProjects\document_analyzer\pdf_analyzer_gui.py", line 1312, in process_pdf
    result = future.result()
             ^^^^^^^^^^^^^^^
  File "C:\Program Files\Python\Python312\Lib\concurrent\futures\_base.py", line 449, in result
    return self.__get_result()
           ^^^^^^^^^^^^^^^^^^^
  File "C:\Program Files\Python\Python312\Lib\concurrent\futures\_base.py", line 401, in __get_result
    raise self._exception
  File "C:\Program Files\Python\Python312\Lib\concurrent\futures\thread.py", line 58, in run
    result = self.fn(*self.args, **self.kwargs)
             ^^^^^^^^^^^^^^^^^^^^^^^^^^^^^^^^^^
  File "C:\PycharmProjects\document_analyzer\pdf_analyzer_gui.py", line 1591, in analyze_pdf_page
    text_analysis = self.content_analyzer.analyze_text_blocks(page)
                    ^^^^^^^^^^^^^^^^^^^^^
AttributeError: 'DocumentAnalyzerGUI' object has no attribute 'content_analyzer'

Timestamp: 2024-12-02T21:54:48.962747
--------------------------------------------------------------------------------
2024-12-02 21:55:04,187 - ERROR - File: G:\My Drive\Acer Spin Laptop Backup\Documents\Test\Test Document 8.pdf
Page: N/A
Category: Unknown Error
Severity: ERROR
Message: 'DocumentAnalyzerGUI' object has no attribute 'content_analyzer'
Details: Traceback (most recent call last):
  File "C:\PycharmProjects\document_analyzer\pdf_analyzer_gui.py", line 1312, in process_pdf
    result = future.result()
             ^^^^^^^^^^^^^^^
  File "C:\Program Files\Python\Python312\Lib\concurrent\futures\_base.py", line 449, in result
    return self.__get_result()
           ^^^^^^^^^^^^^^^^^^^
  File "C:\Program Files\Python\Python312\Lib\concurrent\futures\_base.py", line 401, in __get_result
    raise self._exception
  File "C:\Program Files\Python\Python312\Lib\concurrent\futures\thread.py", line 58, in run
    result = self.fn(*self.args, **self.kwargs)
             ^^^^^^^^^^^^^^^^^^^^^^^^^^^^^^^^^^
  File "C:\PycharmProjects\document_analyzer\pdf_analyzer_gui.py", line 1591, in analyze_pdf_page
    text_analysis = self.content_analyzer.analyze_text_blocks(page)
                    ^^^^^^^^^^^^^^^^^^^^^
AttributeError: 'DocumentAnalyzerGUI' object has no attribute 'content_analyzer'

Timestamp: 2024-12-02T21:54:48.962747
--------------------------------------------------------------------------------
2024-12-02 21:55:04,256 - ERROR - File: G:\My Drive\Acer Spin Laptop Backup\Documents\Test\Test Document 8.pdf
Page: N/A
Category: Unknown Error
Severity: ERROR
Message: 'DocumentAnalyzerGUI' object has no attribute 'content_analyzer'
Details: Traceback (most recent call last):
  File "C:\PycharmProjects\document_analyzer\pdf_analyzer_gui.py", line 1312, in process_pdf
    result = future.result()
             ^^^^^^^^^^^^^^^
  File "C:\Program Files\Python\Python312\Lib\concurrent\futures\_base.py", line 449, in result
    return self.__get_result()
           ^^^^^^^^^^^^^^^^^^^
  File "C:\Program Files\Python\Python312\Lib\concurrent\futures\_base.py", line 401, in __get_result
    raise self._exception
  File "C:\Program Files\Python\Python312\Lib\concurrent\futures\thread.py", line 58, in run
    result = self.fn(*self.args, **self.kwargs)
             ^^^^^^^^^^^^^^^^^^^^^^^^^^^^^^^^^^
  File "C:\PycharmProjects\document_analyzer\pdf_analyzer_gui.py", line 1591, in analyze_pdf_page
    text_analysis = self.content_analyzer.analyze_text_blocks(page)
                    ^^^^^^^^^^^^^^^^^^^^^
AttributeError: 'DocumentAnalyzerGUI' object has no attribute 'content_analyzer'

Timestamp: 2024-12-02T21:54:48.962747
--------------------------------------------------------------------------------
2024-12-02 21:55:04,307 - ERROR - File: G:\My Drive\Acer Spin Laptop Backup\Documents\Test\Test Document 8.pdf
Page: N/A
Category: Unknown Error
Severity: ERROR
Message: 'DocumentAnalyzerGUI' object has no attribute 'content_analyzer'
Details: Traceback (most recent call last):
  File "C:\PycharmProjects\document_analyzer\pdf_analyzer_gui.py", line 1312, in process_pdf
    result = future.result()
             ^^^^^^^^^^^^^^^
  File "C:\Program Files\Python\Python312\Lib\concurrent\futures\_base.py", line 449, in result
    return self.__get_result()
           ^^^^^^^^^^^^^^^^^^^
  File "C:\Program Files\Python\Python312\Lib\concurrent\futures\_base.py", line 401, in __get_result
    raise self._exception
  File "C:\Program Files\Python\Python312\Lib\concurrent\futures\thread.py", line 58, in run
    result = self.fn(*self.args, **self.kwargs)
             ^^^^^^^^^^^^^^^^^^^^^^^^^^^^^^^^^^
  File "C:\PycharmProjects\document_analyzer\pdf_analyzer_gui.py", line 1591, in analyze_pdf_page
    text_analysis = self.content_analyzer.analyze_text_blocks(page)
                    ^^^^^^^^^^^^^^^^^^^^^
AttributeError: 'DocumentAnalyzerGUI' object has no attribute 'content_analyzer'

Timestamp: 2024-12-02T21:54:48.962747
--------------------------------------------------------------------------------
2024-12-02 21:55:04,319 - ERROR - File: G:\My Drive\Acer Spin Laptop Backup\Documents\Test\Test Document 8.pdf
Page: N/A
Category: Unknown Error
Severity: ERROR
Message: 'DocumentAnalyzerGUI' object has no attribute 'content_analyzer'
Details: Traceback (most recent call last):
  File "C:\PycharmProjects\document_analyzer\pdf_analyzer_gui.py", line 1312, in process_pdf
    result = future.result()
             ^^^^^^^^^^^^^^^
  File "C:\Program Files\Python\Python312\Lib\concurrent\futures\_base.py", line 449, in result
    return self.__get_result()
           ^^^^^^^^^^^^^^^^^^^
  File "C:\Program Files\Python\Python312\Lib\concurrent\futures\_base.py", line 401, in __get_result
    raise self._exception
  File "C:\Program Files\Python\Python312\Lib\concurrent\futures\thread.py", line 58, in run
    result = self.fn(*self.args, **self.kwargs)
             ^^^^^^^^^^^^^^^^^^^^^^^^^^^^^^^^^^
  File "C:\PycharmProjects\document_analyzer\pdf_analyzer_gui.py", line 1591, in analyze_pdf_page
    text_analysis = self.content_analyzer.analyze_text_blocks(page)
                    ^^^^^^^^^^^^^^^^^^^^^
AttributeError: 'DocumentAnalyzerGUI' object has no attribute 'content_analyzer'

Timestamp: 2024-12-02T21:54:48.962747
--------------------------------------------------------------------------------
