2024-12-02 20:34:37,789 - WARNING - File: G:/My Drive/Acer Spin Laptop Backup/Documents/Test\Test Document 7.pdf
Page: 1
Category: Encryption Error
Severity: WARNING
Message: document closed or encrypted
Details: Traceback (most recent call last):
  File "C:\PycharmProjects\document_analyzer\pdf_analyzer_gui.py", line 1577, in analyze_pdf_page
    page = pdf[page_num]
           ~~~^^^^^^^^^^
  File "C:\PycharmProjects\DAV\.venv\Lib\site-packages\fitz\fitz.py", line 5798, in __getitem__
    return self.load_page(i)
           ^^^^^^^^^^^^^^^^^
  File "C:\PycharmProjects\DAV\.venv\Lib\site-packages\fitz\fitz.py", line 4172, in load_page
    raise ValueError("document closed or encrypted")
ValueError: document closed or encrypted

Timestamp: 2024-12-02T20:34:16.942848
--------------------------------------------------------------------------------
2024-12-02 20:34:38,490 - WARNING - File: G:/My Drive/Acer Spin Laptop Backup/Documents/Test\subfolder 2\Long Folder Name 1\Long Folder Name 2\Long Folder Name 3\Test Document 7.pdf
Page: 1
Category: Encryption Error
Severity: WARNING
Message: document closed or encrypted
Details: Traceback (most recent call last):
  File "C:\PycharmProjects\document_analyzer\pdf_analyzer_gui.py", line 1577, in analyze_pdf_page
    page = pdf[page_num]
           ~~~^^^^^^^^^^
  File "C:\PycharmProjects\DAV\.venv\Lib\site-packages\fitz\fitz.py", line 5798, in __getitem__
    return self.load_page(i)
           ^^^^^^^^^^^^^^^^^
  File "C:\PycharmProjects\DAV\.venv\Lib\site-packages\fitz\fitz.py", line 4172, in load_page
    raise ValueError("document closed or encrypted")
ValueError: document closed or encrypted

Timestamp: 2024-12-02T20:34:16.942848
--------------------------------------------------------------------------------
2024-12-02 20:34:38,573 - WARNING - File: batch processing
Page: N/A
Category: Unknown Error
Severity: WARNING
Message: DocumentAnalyzerGUI.write_batch() got multiple values for argument 'is_final'
Details: Traceback (most recent call last):
  File "C:\PycharmProjects\document_analyzer\pdf_analyzer_gui.py", line 1116, in process_files
    self.write_batch(results, is_final=True)
TypeError: DocumentAnalyzerGUI.write_batch() got multiple values for argument 'is_final'

Timestamp: 2024-12-02T20:34:16.942848
--------------------------------------------------------------------------------
